2018年 10月 15日 星期一 20:30:33 PDT
course delet	17 	peng 
2018年 10月 15日 星期一 20:31:25 PDT
course delet	17 	peng 
2018年 10月 15日 星期一 20:31:33 PDT
course delet	27 	ling 
2018年 10月 15日 星期一 20:37:54 PDT
course delet	17 	peng 
2018年 10月 15日 星期一 20:38:18 PDT
course delet	27 	ling 
2018年 10月 15日 星期一 20:39:44 PDT
student input	314563048 	ppp 	0 	-1
2018年 10月 15日 星期一 20:41:31 PDT
student delet 	956 	ppp 	3 	1	sport 
2018年 10月 15日 星期一 20:41:37 PDT
student delet 	447 	pp 	2 	1	japanese 
2018年 10月 15日 星期一 20:41:46 PDT
student delet 	886 	hhh 	3 	1	chinese 
2018年 10月 15日 星期一 20:42:13 PDT
student delet 	167 	zzz 	2 	1	japanese 
2018年 10月 15日 星期一 20:42:23 PDT
student delet 	598 	yue 	3 	1	chinese 
2018年 10月 16日 星期二 15:49:46 PDT
student changed 	165 	zhanghaoyue 	9 	3	computer 	chinese 	sport 
2018年 10月 16日 星期二 15:50:13 PDT
student changed 	165 	zhanghaoyue 	11 	4	computer 	chinese 	sport 	japanese 
